mode: set
github.com/neoseele/cm-operator/controllers/custommetric_controller.go:46.31,46.44 1 0
github.com/neoseele/cm-operator/controllers/custommetric_controller.go:58.83,65.16 5 0
github.com/neoseele/cm-operator/controllers/custommetric_controller.go:79.2,79.67 1 0
github.com/neoseele/cm-operator/controllers/custommetric_controller.go:84.2,84.74 1 0
github.com/neoseele/cm-operator/controllers/custommetric_controller.go:89.2,89.65 1 0
github.com/neoseele/cm-operator/controllers/custommetric_controller.go:94.2,94.66 1 0
github.com/neoseele/cm-operator/controllers/custommetric_controller.go:98.2,98.27 1 0
github.com/neoseele/cm-operator/controllers/custommetric_controller.go:65.16,66.29 1 0
github.com/neoseele/cm-operator/controllers/custommetric_controller.go:74.3,75.28 2 0
github.com/neoseele/cm-operator/controllers/custommetric_controller.go:66.29,72.4 2 0
github.com/neoseele/cm-operator/controllers/custommetric_controller.go:79.67,81.3 1 0
github.com/neoseele/cm-operator/controllers/custommetric_controller.go:84.74,86.3 1 0
github.com/neoseele/cm-operator/controllers/custommetric_controller.go:89.65,91.3 1 0
github.com/neoseele/cm-operator/controllers/custommetric_controller.go:94.66,96.3 1 0
github.com/neoseele/cm-operator/controllers/custommetric_controller.go:102.75,110.2 1 0
github.com/neoseele/cm-operator/controllers/custommetric_controller.go:114.128,126.42 4 0
github.com/neoseele/cm-operator/controllers/custommetric_controller.go:140.2,141.12 2 0
github.com/neoseele/cm-operator/controllers/custommetric_controller.go:126.42,129.17 3 0
github.com/neoseele/cm-operator/controllers/custommetric_controller.go:134.3,134.13 1 0
github.com/neoseele/cm-operator/controllers/custommetric_controller.go:129.17,131.4 1 0
github.com/neoseele/cm-operator/controllers/custommetric_controller.go:135.8,135.23 1 0
github.com/neoseele/cm-operator/controllers/custommetric_controller.go:135.23,137.3 1 0
github.com/neoseele/cm-operator/controllers/custommetric_controller.go:144.135,156.42 4 0
github.com/neoseele/cm-operator/controllers/custommetric_controller.go:170.2,171.12 2 0
github.com/neoseele/cm-operator/controllers/custommetric_controller.go:156.42,159.17 3 0
github.com/neoseele/cm-operator/controllers/custommetric_controller.go:164.3,164.13 1 0
github.com/neoseele/cm-operator/controllers/custommetric_controller.go:159.17,161.4 1 0
github.com/neoseele/cm-operator/controllers/custommetric_controller.go:165.8,165.23 1 0
github.com/neoseele/cm-operator/controllers/custommetric_controller.go:165.23,167.3 1 0
github.com/neoseele/cm-operator/controllers/custommetric_controller.go:174.126,179.87 2 0
github.com/neoseele/cm-operator/controllers/custommetric_controller.go:184.2,186.42 3 0
github.com/neoseele/cm-operator/controllers/custommetric_controller.go:200.2,201.12 2 0
github.com/neoseele/cm-operator/controllers/custommetric_controller.go:179.87,181.3 1 0
github.com/neoseele/cm-operator/controllers/custommetric_controller.go:186.42,189.17 3 0
github.com/neoseele/cm-operator/controllers/custommetric_controller.go:194.3,194.13 1 0
github.com/neoseele/cm-operator/controllers/custommetric_controller.go:189.17,191.4 1 0
github.com/neoseele/cm-operator/controllers/custommetric_controller.go:195.8,195.23 1 0
github.com/neoseele/cm-operator/controllers/custommetric_controller.go:195.23,197.3 1 0
github.com/neoseele/cm-operator/controllers/custommetric_controller.go:204.127,209.88 2 0
github.com/neoseele/cm-operator/controllers/custommetric_controller.go:214.2,216.42 3 0
github.com/neoseele/cm-operator/controllers/custommetric_controller.go:230.2,231.12 2 0
github.com/neoseele/cm-operator/controllers/custommetric_controller.go:209.88,211.3 1 0
github.com/neoseele/cm-operator/controllers/custommetric_controller.go:216.42,219.17 3 0
github.com/neoseele/cm-operator/controllers/custommetric_controller.go:224.3,224.13 1 0
github.com/neoseele/cm-operator/controllers/custommetric_controller.go:219.17,221.4 1 0
github.com/neoseele/cm-operator/controllers/custommetric_controller.go:225.8,225.23 1 0
github.com/neoseele/cm-operator/controllers/custommetric_controller.go:225.23,227.3 1 0
github.com/neoseele/cm-operator/controllers/custommetric_controller.go:234.64,285.2 2 0
github.com/neoseele/cm-operator/controllers/custommetric_controller.go:287.78,310.2 2 0
github.com/neoseele/cm-operator/controllers/custommetric_controller.go:312.60,377.2 2 0
github.com/neoseele/cm-operator/controllers/custommetric_controller.go:379.62,395.36 4 0
github.com/neoseele/cm-operator/controllers/custommetric_controller.go:399.2,477.3 1 0
github.com/neoseele/cm-operator/controllers/custommetric_controller.go:395.36,397.3 1 0
